2026-04-29 15:54:16,643 - ndswin.cli - INFO - ================================================================================
2026-04-29 15:54:16,643 - ndswin.cli - INFO - AUTOMATED SWEEP AND TRAIN WORKFLOW
2026-04-29 15:54:16,643 - ndswin.cli - INFO - ================================================================================
2026-04-29 15:54:16,643 - ndswin.cli - INFO - 1. Sweeping config: configs/sweeps/modelnet40_stable_hyperparam_sweep.yaml
2026-04-29 15:54:16,643 - ndswin.cli - INFO - 2. Number of trials: 15
2026-04-29 15:54:16,643 - ndswin.cli - INFO - 3. Final training epochs: 200
2026-04-29 15:54:16,643 - ndswin.cli - INFO - --------------------------------------------------------------------------------
2026-04-29 15:54:16,643 - ndswin.cli - INFO - >>> Launching Sweep...
2026-04-29 15:54:17,006 - ndswin.cli - INFO - Starting sweep: 15 trials, budget 10 epochs, outdir=outputs/sweeps/modelnet40_stable_hyperparam_sweep
2026-04-29 15:54:21,957 - ndswin.cli - INFO - Trial 0 started - writing logs to outputs/sweeps/modelnet40_stable_hyperparam_sweep/volume_folder/modelnet40_d66e0631_20260429_155421/trial_000/train.log
2026-04-29 15:57:45,523 - ndswin.cli - INFO - Trial 1 started - writing logs to outputs/sweeps/modelnet40_stable_hyperparam_sweep/volume_folder/modelnet40_de3e8217_20260429_155745/trial_001/train.log
2026-04-29 16:01:27,862 - ndswin.cli - INFO - Trial 2 started - writing logs to outputs/sweeps/modelnet40_stable_hyperparam_sweep/volume_folder/modelnet40_46877d90_20260429_160127/trial_002/train.log
2026-04-29 16:07:41,787 - ndswin.cli - INFO - Trial 3 started - writing logs to outputs/sweeps/modelnet40_stable_hyperparam_sweep/volume_folder/modelnet40_1754b8ee_20260429_160741/trial_003/train.log
2026-04-29 16:11:51,344 - ndswin.cli - INFO - Trial 4 started - writing logs to outputs/sweeps/modelnet40_stable_hyperparam_sweep/volume_folder/modelnet40_437e01bb_20260429_161151/trial_004/train.log
2026-04-29 16:15:40,944 - ndswin.cli - INFO - Trial 5 started - writing logs to outputs/sweeps/modelnet40_stable_hyperparam_sweep/volume_folder/modelnet40_8de267fa_20260429_161540/trial_005/train.log
2026-04-29 16:19:48,082 - ndswin.cli - INFO - Trial 6 started - writing logs to outputs/sweeps/modelnet40_stable_hyperparam_sweep/volume_folder/modelnet40_0b5b1e9a_20260429_161948/trial_006/train.log
2026-04-29 16:23:13,892 - ndswin.cli - INFO - Trial 7 started - writing logs to outputs/sweeps/modelnet40_stable_hyperparam_sweep/volume_folder/modelnet40_712e011d_20260429_162313/trial_007/train.log
2026-04-29 16:27:55,099 - ndswin.cli - INFO - Trial 8 started - writing logs to outputs/sweeps/modelnet40_stable_hyperparam_sweep/volume_folder/modelnet40_c0eea0e7_20260429_162755/trial_008/train.log
2026-04-29 16:34:21,720 - ndswin.cli - INFO - Trial 9 started - writing logs to outputs/sweeps/modelnet40_stable_hyperparam_sweep/volume_folder/modelnet40_300fa675_20260429_163421/trial_009/train.log
2026-04-29 16:38:32,929 - ndswin.cli - INFO - Trial 10 started - writing logs to outputs/sweeps/modelnet40_stable_hyperparam_sweep/volume_folder/modelnet40_a16b2be5_20260429_163832/trial_010/train.log
2026-04-29 16:41:45,459 - ndswin.cli - INFO - Trial 11 started - writing logs to outputs/sweeps/modelnet40_stable_hyperparam_sweep/volume_folder/modelnet40_e548c891_20260429_164145/trial_011/train.log
2026-04-29 16:47:37,078 - ndswin.cli - INFO - Trial 12 started - writing logs to outputs/sweeps/modelnet40_stable_hyperparam_sweep/volume_folder/modelnet40_fe6a5e4c_20260429_164737/trial_012/train.log
2026-04-29 16:51:26,190 - ndswin.cli - INFO - Trial 13 started - writing logs to outputs/sweeps/modelnet40_stable_hyperparam_sweep/volume_folder/modelnet40_348c7c7f_20260429_165126/trial_013/train.log
2026-04-29 16:55:09,039 - ndswin.cli - INFO - Trial 14 started - writing logs to outputs/sweeps/modelnet40_stable_hyperparam_sweep/volume_folder/modelnet40_03928c3a_20260429_165509/trial_014/train.log
2026-04-29 16:59:20,239 - ndswin.cli - INFO - Sweep complete. Summary written to outputs/sweeps/modelnet40_stable_hyperparam_sweep/summary.json
2026-04-29 16:59:20,383 - ndswin.cli - INFO - Best trial found: Trial 11 with val_accuracy = 0.8061
2026-04-29 16:59:20,395 - ndswin.cli - INFO - Copied optimal configuration to: configs/auto_best/best_volume_folder_modelnet40_e548c891_20260429_164145_trial011.json
2026-04-29 16:59:20,395 - ndswin.cli - INFO - >>> Launching Final Full Training...
[04/29/26 16:59:20] INFO     Bound CUDA_VISIBLE_DEVICES to available  gpu.py:104
                             GPUs: [1, 2, 3, 0] (min_free_mb=4000,
                             max_used_mb=512, max_utilization=50)
2026-04-29 16:59:27,340 - train - INFO - ======================================================================
2026-04-29 16:59:27,341 - train - INFO - NDSwin-JAX Training
2026-04-29 16:59:27,341 - train - INFO - ======================================================================
2026-04-29 16:59:27,341 - train - INFO - Config file: configs/auto_best/best_volume_folder_modelnet40_e548c891_20260429_164145_trial011.json
2026-04-29 16:59:27,341 - train - INFO - Experiment: modelnet40
2026-04-29 16:59:27,341 - train - INFO - Description: No description provided
2026-04-29 16:59:27,341 - train - INFO - Config hash: f67c9398
2026-04-29 16:59:27,341 - train - INFO - Checkpoint dir: outputs/volume_folder/modelnet40_f67c9398_20260429_165927/checkpoints
2026-04-29 16:59:27,341 - train - INFO - Log file: logs/volume_folder/modelnet40_f67c9398_20260429_165927.log
2026-04-29 16:59:27,341 - train - INFO - Timestamp: 2026-04-29T16:59:27.341766
2026-04-29 16:59:27,341 - train - INFO - Dataset classes: 40
INFO:2026-04-29 16:59:27,628:jax._src.xla_bridge:822: Unable to initialize backend 'tpu': INTERNAL: Failed to open libtpu.so: libtpu.so: cannot open shared object file: No such file or directory
2026-04-29 16:59:27,628 - jax._src.xla_bridge - INFO - Unable to initialize backend 'tpu': INTERNAL: Failed to open libtpu.so: libtpu.so: cannot open shared object file: No such file or directory
2026-04-29 16:59:28,324 - train - INFO - ----------------------------------------------------------------------
2026-04-29 16:59:28,324 - train - INFO - Dataset Configuration:
2026-04-29 16:59:28,324 - train - INFO - ----------------------------------------------------------------------
2026-04-29 16:59:28,324 - train - INFO - Model Configuration:
2026-04-29 16:59:28,324 - train - INFO -   num_dims: 3
2026-04-29 16:59:28,324 - train - INFO -   patch_size: (2, 2, 2)
2026-04-29 16:59:28,324 - train - INFO -   window_size: (4, 4, 4)
2026-04-29 16:59:28,324 - train - INFO -   embed_dim: 72
2026-04-29 16:59:28,324 - train - INFO -   depths: (2, 2, 6, 2)
2026-04-29 16:59:28,324 - train - INFO -   num_heads: (3, 6, 12, 24)
2026-04-29 16:59:28,324 - train - INFO -   num_classes: 40
2026-04-29 16:59:28,324 - train - INFO - ----------------------------------------------------------------------
2026-04-29 16:59:28,324 - train - INFO - Training Configuration:
2026-04-29 16:59:28,324 - train - INFO -   epochs: 200
2026-04-29 16:59:28,325 - train - INFO -   batch_size: 64
2026-04-29 16:59:28,325 - train - INFO -   learning_rate: 0.001262273927500466
2026-04-29 16:59:52,164 - train - INFO - Total parameters: 16,423,126
2026-04-29 16:59:52,165 - train - INFO - Loading data...
2026-04-29 16:59:52,775 - train - INFO -   Dataset: volume_folder
2026-04-29 16:59:52,775 - train - INFO -   Train samples: 8858
2026-04-29 16:59:52,775 - train - INFO -   Validation samples: 985
2026-04-29 16:59:52,775 - train - INFO -   Test samples: 2468
2026-04-29 16:59:52,776 - ndswin.training - INFO - Using 4 device(s) for data-parallel training
2026-04-29 17:00:02,357 - train - INFO - ======================================================================
2026-04-29 17:00:02,357 - train - INFO - Starting training for 200 epochs
2026-04-29 17:00:02,357 - train - INFO - ======================================================================
2026-04-29 17:00:05,458 - ndswin.training - INFO - Starting training for 200 epochs
2026-04-29 17:00:55,319 - ndswin.training - INFO - Step 50: accuracy: 0.2072 | loss: 3.2242 | top5_accuracy: 0.4587
2026-04-29 17:01:06,909 - ndswin.training - INFO - Step 100: accuracy: 0.3472 | loss: 2.7927 | top5_accuracy: 0.5986
2026-04-29 17:02:06,841 - ndswin.training - INFO - Epoch 1/200 - Loss: 2.5805/1.6854, Acc: 0.4094/0.5650, Time: 121.38s
2026-04-29 17:02:10,293 - ndswin.training - INFO - Step 150: accuracy: 0.5838 | loss: 2.0070 | top5_accuracy: 0.8366
2026-04-29 17:02:21,594 - ndswin.training - INFO - Step 200: accuracy: 0.6191 | loss: 1.8864 | top5_accuracy: 0.8563
2026-04-29 17:02:32,855 - ndswin.training - INFO - Step 250: accuracy: 0.6236 | loss: 1.8590 | top5_accuracy: 0.8653
2026-04-29 17:02:41,449 - ndswin.training - INFO - Epoch 2/200 - Loss: 1.8197/1.2532, Acc: 0.6362/0.6634, Time: 33.81s
2026-04-29 17:02:46,672 - ndswin.training - INFO - Step 300: accuracy: 0.6719 | loss: 1.6770 | top5_accuracy: 0.9013
2026-04-29 17:02:57,966 - ndswin.training - INFO - Step 350: accuracy: 0.6855 | loss: 1.6666 | top5_accuracy: 0.9041
2026-04-29 17:03:09,358 - ndswin.training - INFO - Step 400: accuracy: 0.6862 | loss: 1.6627 | top5_accuracy: 0.9051
2026-04-29 17:03:15,579 - ndswin.training - INFO - Epoch 3/200 - Loss: 1.6536/1.0537, Acc: 0.6893/0.7162, Time: 34.02s
2026-04-29 17:03:23,164 - ndswin.training - INFO - Step 450: accuracy: 0.6738 | loss: 1.6658 | top5_accuracy: 0.9157
2026-04-29 17:03:34,399 - ndswin.training - INFO - Step 500: accuracy: 0.6839 | loss: 1.6367 | top5_accuracy: 0.9164
2026-04-29 17:03:45,528 - ndswin.training - INFO - Step 550: accuracy: 0.6903 | loss: 1.6229 | top5_accuracy: 0.9194
2026-04-29 17:03:49,251 - ndswin.training - INFO - Epoch 4/200 - Loss: 1.6216/1.1632, Acc: 0.6912/0.6908, Time: 33.57s
2026-04-29 17:03:59,081 - ndswin.training - INFO - Step 600: accuracy: 0.7195 | loss: 1.5499 | top5_accuracy: 0.9311
2026-04-29 17:04:10,290 - ndswin.training - INFO - Step 650: accuracy: 0.7066 | loss: 1.5761 | top5_accuracy: 0.9265
2026-04-29 17:04:22,671 - ndswin.training - INFO - Epoch 5/200 - Loss: 1.8289/1.8309, Acc: 0.6332/0.5017, Time: 33.42s
2026-04-29 17:04:23,942 - ndswin.training - INFO - Step 700: accuracy: 0.5281 | loss: 2.0746 | top5_accuracy: 0.8406
2026-04-29 17:04:35,294 - ndswin.training - INFO - Step 750: accuracy: 0.6858 | loss: 1.6272 | top5_accuracy: 0.9119
2026-04-29 17:04:46,474 - ndswin.training - INFO - Step 800: accuracy: 0.6997 | loss: 1.5832 | top5_accuracy: 0.9219
2026-04-29 17:04:56,405 - ndswin.training - INFO - Epoch 6/200 - Loss: 1.7379/1.1205, Acc: 0.6702/0.6889, Time: 33.73s
2026-04-29 17:04:59,908 - ndswin.training - INFO - Step 850: accuracy: 0.7344 | loss: 1.5081 | top5_accuracy: 0.9414
2026-04-29 17:05:10,925 - ndswin.training - INFO - Step 900: accuracy: 0.7034 | loss: 1.5758 | top5_accuracy: 0.9261
2026-04-29 17:05:21,961 - ndswin.training - INFO - Step 950: accuracy: 0.7193 | loss: 1.5290 | top5_accuracy: 0.9312
2026-04-29 17:05:29,359 - ndswin.training - INFO - Epoch 7/200 - Loss: 1.5146/0.9640, Acc: 0.7259/0.7421, Time: 32.95s
2026-04-29 17:05:35,557 - ndswin.training - INFO - Step 1000: accuracy: 0.7425 | loss: 1.4718 | top5_accuracy: 0.9363
2026-04-29 17:05:46,696 - ndswin.training - INFO - Step 1050: accuracy: 0.5132 | loss: 2.2312 | top5_accuracy: 0.7666
2026-04-29 17:05:57,798 - ndswin.training - INFO - Step 1100: accuracy: 0.5513 | loss: 2.0856 | top5_accuracy: 0.8086
2026-04-29 17:06:02,753 - ndswin.training - INFO - Epoch 8/200 - Loss: 2.0417/1.0782, Acc: 0.5645/0.7140, Time: 33.29s
2026-04-29 17:06:11,097 - ndswin.training - INFO - Step 1150: accuracy: 0.6916 | loss: 1.5937 | top5_accuracy: 0.9120
2026-04-29 17:06:22,139 - ndswin.training - INFO - Step 1200: accuracy: 0.6062 | loss: 1.8800 | top5_accuracy: 0.8532
2026-04-29 17:06:33,117 - ndswin.training - INFO - Step 1250: accuracy: 0.5007 | loss: 2.2218 | top5_accuracy: 0.7673
2026-04-29 17:06:35,731 - ndswin.training - INFO - Epoch 9/200 - Loss: 2.2222/2.0680, Acc: 0.5006/0.4442, Time: 32.98s
2026-04-29 17:06:46,547 - ndswin.training - INFO - Step 1300: accuracy: 0.5000 | loss: 2.2262 | top5_accuracy: 0.7838
2026-04-29 17:06:57,696 - ndswin.training - INFO - Step 1350: accuracy: 0.4789 | loss: 2.2970 | top5_accuracy: 0.7672
2026-04-29 17:07:08,954 - ndswin.training - INFO - Epoch 10/200 - Loss: 2.1865/1.2469, Acc: 0.5101/0.6656, Time: 33.22s
2026-04-29 17:07:11,325 - ndswin.training - INFO - Step 1400: accuracy: 0.6953 | loss: 1.6052 | top5_accuracy: 0.9187
2026-04-29 17:07:22,466 - ndswin.training - INFO - Step 1450: accuracy: 0.7313 | loss: 1.4844 | top5_accuracy: 0.9401
2026-04-29 17:07:33,711 - ndswin.training - INFO - Step 1500: accuracy: 0.7118 | loss: 1.5508 | top5_accuracy: 0.9288
2026-04-29 17:07:42,619 - ndswin.training - INFO - Epoch 11/200 - Loss: 1.5293/0.9636, Acc: 0.7191/0.7379, Time: 33.66s
2026-04-29 17:07:47,414 - ndswin.training - INFO - Step 1550: accuracy: 0.7299 | loss: 1.4748 | top5_accuracy: 0.9405
2026-04-29 17:07:58,527 - ndswin.training - INFO - Step 1600: accuracy: 0.7408 | loss: 1.4740 | top5_accuracy: 0.9412
2026-04-29 17:08:09,696 - ndswin.training - INFO - Step 1650: accuracy: 0.7407 | loss: 1.4672 | top5_accuracy: 0.9415
2026-04-29 17:08:16,038 - ndswin.training - INFO - Epoch 12/200 - Loss: 1.4705/1.0854, Acc: 0.7408/0.7030, Time: 33.42s
2026-04-29 17:08:23,243 - ndswin.training - INFO - Step 1700: accuracy: 0.6113 | loss: 1.9377 | top5_accuracy: 0.8540
2026-04-29 17:08:34,430 - ndswin.training - INFO - Step 1750: accuracy: 0.6652 | loss: 1.7239 | top5_accuracy: 0.8954
2026-04-29 17:08:45,734 - ndswin.training - INFO - Step 1800: accuracy: 0.6876 | loss: 1.6401 | top5_accuracy: 0.9119
2026-04-29 17:08:49,843 - ndswin.training - INFO - Epoch 13/200 - Loss: 1.6346/1.0541, Acc: 0.6884/0.7310, Time: 33.80s
2026-04-29 17:08:59,392 - ndswin.training - INFO - Step 1850: accuracy: 0.7260 | loss: 1.5249 | top5_accuracy: 0.9310
2026-04-29 17:09:10,482 - ndswin.training - INFO - Step 1900: accuracy: 0.7340 | loss: 1.4908 | top5_accuracy: 0.9400
2026-04-29 17:09:22,987 - ndswin.training - INFO - Epoch 14/200 - Loss: 1.5294/1.1160, Acc: 0.7190/0.7174, Time: 33.14s
2026-04-29 17:09:24,026 - ndswin.training - INFO - Step 1950: accuracy: 0.6836 | loss: 1.6534 | top5_accuracy: 0.9258
2026-04-29 17:09:35,106 - ndswin.training - INFO - Step 2000: accuracy: 0.7017 | loss: 1.6014 | top5_accuracy: 0.9201
2026-04-29 17:09:46,245 - ndswin.training - INFO - Step 2050: accuracy: 0.6968 | loss: 1.6104 | top5_accuracy: 0.9175
2026-04-29 17:09:56,218 - ndswin.training - INFO - Epoch 15/200 - Loss: 1.6162/1.1896, Acc: 0.6962/0.6703, Time: 33.23s
2026-04-29 17:09:59,680 - ndswin.training - INFO - Step 2100: accuracy: 0.6875 | loss: 1.6368 | top5_accuracy: 0.9115
2026-04-29 17:10:10,772 - ndswin.training - INFO - Step 2150: accuracy: 0.6870 | loss: 1.6202 | top5_accuracy: 0.9183
2026-04-29 17:10:21,744 - ndswin.training - INFO - Step 2200: accuracy: 0.6807 | loss: 1.6320 | top5_accuracy: 0.9160
2026-04-29 17:10:29,481 - ndswin.training - INFO - Epoch 16/200 - Loss: 1.6121/1.5562, Acc: 0.6895/0.5710, Time: 33.26s
2026-04-29 17:10:35,342 - ndswin.training - INFO - Step 2250: accuracy: 0.5865 | loss: 1.9530 | top5_accuracy: 0.8516
2026-04-29 17:10:46,328 - ndswin.training - INFO - Step 2300: accuracy: 0.5530 | loss: 2.0177 | top5_accuracy: 0.8368
2026-04-29 17:10:57,372 - ndswin.training - INFO - Step 2350: accuracy: 0.5753 | loss: 1.9450 | top5_accuracy: 0.8570
2026-04-29 17:11:02,590 - ndswin.training - INFO - Epoch 17/200 - Loss: 1.9193/1.4424, Acc: 0.5817/0.6014, Time: 33.11s
2026-04-29 17:11:10,859 - ndswin.training - INFO - Step 2400: accuracy: 0.5042 | loss: 2.1646 | top5_accuracy: 0.8129
2026-04-29 17:11:21,778 - ndswin.training - INFO - Step 2450: accuracy: 0.4903 | loss: 2.2292 | top5_accuracy: 0.7890
2026-04-29 17:11:32,875 - ndswin.training - INFO - Step 2500: accuracy: 0.5005 | loss: 2.1869 | top5_accuracy: 0.8012
2026-04-29 17:11:35,962 - ndswin.training - INFO - Epoch 18/200 - Loss: 2.1862/1.6428, Acc: 0.5005/0.5621, Time: 33.37s
2026-04-29 17:11:46,451 - ndswin.training - INFO - Step 2550: accuracy: 0.2601 | loss: 3.3583 | top5_accuracy: 0.4674
2026-04-29 17:11:57,316 - ndswin.training - INFO - Step 2600: accuracy: 0.1843 | loss: 3.4023 | top5_accuracy: 0.4150
2026-04-29 17:12:08,543 - ndswin.training - INFO - Epoch 19/200 - Loss: 3.0458/1.6454, Acc: 0.2800/0.5610, Time: 32.58s
2026-04-29 17:12:10,678 - ndswin.training - INFO - Step 2650: accuracy: 0.5625 | loss: 2.0107 | top5_accuracy: 0.8351
2026-04-29 17:12:21,653 - ndswin.training - INFO - Step 2700: accuracy: 0.5146 | loss: 2.1735 | top5_accuracy: 0.8003
2026-04-29 17:12:32,542 - ndswin.training - INFO - Step 2750: accuracy: 0.5057 | loss: 2.1941 | top5_accuracy: 0.7906
2026-04-29 17:12:41,804 - ndswin.training - INFO - Epoch 20/200 - Loss: 2.1881/1.7477, Acc: 0.5034/0.5265, Time: 33.26s
2026-04-29 17:12:46,274 - ndswin.training - INFO - Step 2800: accuracy: 0.5180 | loss: 2.1467 | top5_accuracy: 0.8023
2026-04-29 17:12:57,144 - ndswin.training - INFO - Step 2850: accuracy: 0.4728 | loss: 2.2908 | top5_accuracy: 0.7658
2026-04-29 17:13:08,145 - ndswin.training - INFO - Step 2900: accuracy: 0.4590 | loss: 2.3230 | top5_accuracy: 0.7582
2026-04-29 17:13:14,641 - ndswin.training - INFO - Epoch 21/200 - Loss: 2.3059/1.8152, Acc: 0.4624/0.5194, Time: 32.84s
2026-04-29 17:13:21,515 - ndswin.training - INFO - Step 2950: accuracy: 0.4945 | loss: 2.2225 | top5_accuracy: 0.7939
2026-04-29 17:13:32,393 - ndswin.training - INFO - Step 3000: accuracy: 0.5185 | loss: 2.1441 | top5_accuracy: 0.8025
2026-04-29 17:13:43,420 - ndswin.training - INFO - Step 3050: accuracy: 0.5021 | loss: 2.1903 | top5_accuracy: 0.7883
2026-04-29 17:13:47,463 - ndswin.training - INFO - Epoch 22/200 - Loss: 2.2025/1.9925, Acc: 0.4997/0.4718, Time: 32.82s
2026-04-29 17:13:56,714 - ndswin.training - INFO - Step 3100: accuracy: 0.4568 | loss: 2.3593 | top5_accuracy: 0.7533
2026-04-29 17:14:07,830 - ndswin.training - INFO - Step 3150: accuracy: 0.4630 | loss: 2.3397 | top5_accuracy: 0.7522
2026-04-29 17:14:20,510 - ndswin.training - INFO - Epoch 23/200 - Loss: 2.3298/1.7990, Acc: 0.4639/0.5295, Time: 33.05s
2026-04-29 17:14:21,333 - ndswin.training - INFO - Step 3200: accuracy: 0.4740 | loss: 2.2849 | top5_accuracy: 0.7604
2026-04-29 17:14:32,465 - ndswin.training - INFO - Step 3250: accuracy: 0.5038 | loss: 2.2079 | top5_accuracy: 0.7904
2026-04-29 17:14:43,717 - ndswin.training - INFO - Step 3300: accuracy: 0.4982 | loss: 2.2269 | top5_accuracy: 0.7817
2026-04-29 17:14:53,957 - ndswin.training - INFO - Epoch 24/200 - Loss: 2.2038/1.7159, Acc: 0.5021/0.5315, Time: 33.45s
2026-04-29 17:14:57,215 - ndswin.training - INFO - Step 3350: accuracy: 0.5435 | loss: 2.0901 | top5_accuracy: 0.8315
2026-04-29 17:15:08,310 - ndswin.training - INFO - Step 3400: accuracy: 0.5359 | loss: 2.0892 | top5_accuracy: 0.8171
2026-04-29 17:15:19,421 - ndswin.training - INFO - Step 3450: accuracy: 0.5471 | loss: 2.0454 | top5_accuracy: 0.8324
2026-04-29 17:15:27,243 - ndswin.training - INFO - Epoch 25/200 - Loss: 2.0425/1.5741, Acc: 0.5493/0.5965, Time: 33.29s
2026-04-29 17:15:32,790 - ndswin.training - INFO - Step 3500: accuracy: 0.5831 | loss: 1.9867 | top5_accuracy: 0.8287
2026-04-29 17:15:43,799 - ndswin.training - INFO - Step 3550: accuracy: 0.4804 | loss: 2.3479 | top5_accuracy: 0.7365
2026-04-29 17:15:54,741 - ndswin.training - INFO - Step 3600: accuracy: 0.4673 | loss: 2.3577 | top5_accuracy: 0.7339
2026-04-29 17:16:00,249 - ndswin.training - INFO - Epoch 26/200 - Loss: 2.3538/2.0784, Acc: 0.4688/0.4454, Time: 33.01s
2026-04-29 17:16:08,233 - ndswin.training - INFO - Step 3650: accuracy: 0.4622 | loss: 2.2902 | top5_accuracy: 0.7496
2026-04-29 17:16:19,229 - ndswin.training - INFO - Step 3700: accuracy: 0.4893 | loss: 2.2326 | top5_accuracy: 0.7689
2026-04-29 17:16:30,274 - ndswin.training - INFO - Step 3750: accuracy: 0.5075 | loss: 2.1697 | top5_accuracy: 0.7950
2026-04-29 17:16:33,338 - ndswin.training - INFO - Epoch 27/200 - Loss: 2.1676/1.6152, Acc: 0.5082/0.5885, Time: 33.09s
2026-04-29 17:16:33,339 - ndswin.training - INFO - Early stopping at epoch 27: no improvement for 20 epochs (best=0.7421)
2026-04-29 17:16:33,343 - ndswin.training - INFO - Restored best validation state from epoch 7 (val_accuracy=0.7421)
2026-04-29 17:16:33,343 - ndswin.training - INFO - Training completed in 987.88s
2026-04-29 17:16:35,848 - train - INFO - ======================================================================
2026-04-29 17:16:35,848 - train - INFO - Final Validation Results (best-restored state):
2026-04-29 17:16:35,848 - train - INFO - ======================================================================
2026-04-29 17:16:35,848 - train - INFO -   Loss: 0.9640
2026-04-29 17:16:35,848 - train - INFO -   Accuracy: 0.7421
2026-04-29 17:16:35,848 - train - INFO -   Top-5 Accuracy: 0.9306
2026-04-29 17:16:36,577 - train - INFO - Best/restored checkpoint saved to: /system/user/studentwork/yelisiei/ndswin-jax/outputs/volume_folder/modelnet40_f67c9398_20260429_165927/checkpoints/best.npz
2026-04-29 17:16:36,581 - train - INFO - Training completed in 990.99s
2026-04-29 17:16:36,581 - train - INFO - Metrics saved to: outputs/volume_folder/modelnet40_f67c9398_20260429_165927/checkpoints/metrics.json
2026-04-29 17:16:36,581 - train - INFO - Done!
2026-04-29 17:16:39,727 - ndswin.cli - INFO - ================================================================================
2026-04-29 17:16:39,727 - ndswin.cli - INFO - FULL WORKFLOW COMPLETED SUCCESSFULLY
2026-04-29 17:16:39,727 - ndswin.cli - INFO - Best Configuration: configs/auto_best/best_volume_folder_modelnet40_e548c891_20260429_164145_trial011.json
2026-04-29 17:16:39,727 - ndswin.cli - INFO - ================================================================================
