2026-04-01 06:07:49,054 - train - INFO - ======================================================================
2026-04-01 06:07:49,054 - train - INFO - NDSwin-JAX Training
2026-04-01 06:07:49,054 - train - INFO - ======================================================================
2026-04-01 06:07:49,054 - train - INFO - Config file: configs/auto_best/best_volume_folder_modelnet40_e548c891_20260401_055016_trial011.json
2026-04-01 06:07:49,054 - train - INFO - Experiment: modelnet40
2026-04-01 06:07:49,054 - train - INFO - Description: No description provided
2026-04-01 06:07:49,054 - train - INFO - Config hash: f67c9398
2026-04-01 06:07:49,054 - train - INFO - Checkpoint dir: outputs/volume_folder/modelnet40_f67c9398_20260401_060749/checkpoints
2026-04-01 06:07:49,054 - train - INFO - Log file: logs/volume_folder/modelnet40_f67c9398_20260401_060749.log
2026-04-01 06:07:49,054 - train - INFO - Timestamp: 2026-04-01T06:07:49.054982
2026-04-01 06:07:49,055 - train - INFO - Dataset classes: 40
2026-04-01 06:07:49,362 - jax._src.xla_bridge - INFO - Unable to initialize backend 'tpu': INTERNAL: Failed to open libtpu.so: libtpu.so: cannot open shared object file: No such file or directory
2026-04-01 06:07:50,091 - train - INFO - ----------------------------------------------------------------------
2026-04-01 06:07:50,091 - train - INFO - Dataset Configuration:
2026-04-01 06:07:50,091 - train - INFO - ----------------------------------------------------------------------
2026-04-01 06:07:50,092 - train - INFO - Model Configuration:
2026-04-01 06:07:50,092 - train - INFO -   num_dims: 3
2026-04-01 06:07:50,092 - train - INFO -   patch_size: (2, 2, 2)
2026-04-01 06:07:50,092 - train - INFO -   window_size: (4, 4, 4)
2026-04-01 06:07:50,092 - train - INFO -   embed_dim: 72
2026-04-01 06:07:50,092 - train - INFO -   depths: (2, 2, 6, 2)
2026-04-01 06:07:50,092 - train - INFO -   num_heads: (3, 6, 12, 24)
2026-04-01 06:07:50,092 - train - INFO -   num_classes: 40
2026-04-01 06:07:50,092 - train - INFO - ----------------------------------------------------------------------
2026-04-01 06:07:50,092 - train - INFO - Training Configuration:
2026-04-01 06:07:50,092 - train - INFO -   epochs: 200
2026-04-01 06:07:50,092 - train - INFO -   batch_size: 64
2026-04-01 06:07:50,092 - train - INFO -   learning_rate: 0.001262273927500466
2026-04-01 06:08:13,969 - train - INFO - Total parameters: 16,423,126
2026-04-01 06:08:13,969 - train - INFO - Loading data...
2026-04-01 06:08:14,637 - train - INFO -   Dataset: volume_folder
2026-04-01 06:08:14,637 - train - INFO -   Train samples: 8858
2026-04-01 06:08:14,638 - train - INFO -   Validation samples: 985
2026-04-01 06:08:14,638 - train - INFO -   Test samples: 2468
2026-04-01 06:08:14,639 - ndswin.training - INFO - Using 4 device(s) for data-parallel training
2026-04-01 06:08:27,906 - train - INFO - ======================================================================
2026-04-01 06:08:27,907 - train - INFO - Starting training for 200 epochs
2026-04-01 06:08:27,907 - train - INFO - ======================================================================
2026-04-01 06:08:30,928 - ndswin.training - INFO - Starting training for 200 epochs
2026-04-01 06:09:20,310 - ndswin.training - INFO - Step 50: accuracy: 0.2037 | loss: 3.2382 | top5_accuracy: 0.4506
2026-04-01 06:09:31,240 - ndswin.training - INFO - Step 100: accuracy: 0.3472 | loss: 2.7697 | top5_accuracy: 0.6077
2026-04-01 06:10:31,048 - ndswin.training - INFO - Epoch 1/200 - Loss: 2.5760/1.4872, Acc: 0.4092/0.6140, Time: 120.12s
2026-04-01 06:10:34,368 - ndswin.training - INFO - Step 150: accuracy: 0.5980 | loss: 1.9646 | top5_accuracy: 0.8395
2026-04-01 06:10:45,077 - ndswin.training - INFO - Step 200: accuracy: 0.6311 | loss: 1.8517 | top5_accuracy: 0.8640
2026-04-01 06:10:56,187 - ndswin.training - INFO - Step 250: accuracy: 0.6416 | loss: 1.8091 | top5_accuracy: 0.8727
2026-04-01 06:11:04,452 - ndswin.training - INFO - Epoch 2/200 - Loss: 1.7950/1.1938, Acc: 0.6474/0.6759, Time: 32.63s
2026-04-01 06:11:09,300 - ndswin.training - INFO - Step 300: accuracy: 0.6882 | loss: 1.6647 | top5_accuracy: 0.9084
2026-04-01 06:11:20,092 - ndswin.training - INFO - Step 350: accuracy: 0.6964 | loss: 1.6385 | top5_accuracy: 0.9121
2026-04-01 06:11:30,833 - ndswin.training - INFO - Step 400: accuracy: 0.7017 | loss: 1.6289 | top5_accuracy: 0.9102
2026-04-01 06:11:36,791 - ndswin.training - INFO - Epoch 3/200 - Loss: 1.6226/1.1385, Acc: 0.7040/0.7008, Time: 32.23s
2026-04-01 06:11:44,001 - ndswin.training - INFO - Step 450: accuracy: 0.7050 | loss: 1.5846 | top5_accuracy: 0.9266
2026-04-01 06:11:54,699 - ndswin.training - INFO - Step 500: accuracy: 0.7069 | loss: 1.5849 | top5_accuracy: 0.9249
2026-04-01 06:12:05,355 - ndswin.training - INFO - Step 550: accuracy: 0.7122 | loss: 1.5694 | top5_accuracy: 0.9239
2026-04-01 06:12:08,923 - ndswin.training - INFO - Epoch 4/200 - Loss: 1.5675/1.0072, Acc: 0.7131/0.7236, Time: 32.03s
2026-04-01 06:12:18,509 - ndswin.training - INFO - Step 600: accuracy: 0.7262 | loss: 1.5017 | top5_accuracy: 0.9357
2026-04-01 06:12:29,207 - ndswin.training - INFO - Step 650: accuracy: 0.7299 | loss: 1.5072 | top5_accuracy: 0.9382
2026-04-01 06:12:41,058 - ndswin.training - INFO - Epoch 5/200 - Loss: 1.5007/1.0290, Acc: 0.7316/0.7346, Time: 32.03s
2026-04-01 06:12:42,385 - ndswin.training - INFO - Step 700: accuracy: 0.7031 | loss: 1.5485 | top5_accuracy: 0.9469
2026-04-01 06:12:53,236 - ndswin.training - INFO - Step 750: accuracy: 0.7369 | loss: 1.4697 | top5_accuracy: 0.9457
2026-04-01 06:13:03,835 - ndswin.training - INFO - Step 800: accuracy: 0.7594 | loss: 1.4243 | top5_accuracy: 0.9515
2026-04-01 06:13:13,245 - ndswin.training - INFO - Epoch 6/200 - Loss: 1.4188/0.9115, Acc: 0.7630/0.7573, Time: 32.09s
2026-04-01 06:13:16,760 - ndswin.training - INFO - Step 850: accuracy: 0.7705 | loss: 1.3790 | top5_accuracy: 0.9570
2026-04-01 06:13:27,322 - ndswin.training - INFO - Step 900: accuracy: 0.7711 | loss: 1.3659 | top5_accuracy: 0.9605
2026-04-01 06:13:38,204 - ndswin.training - INFO - Step 950: accuracy: 0.7693 | loss: 1.3746 | top5_accuracy: 0.9572
2026-04-01 06:13:45,290 - ndswin.training - INFO - Epoch 7/200 - Loss: 1.3748/0.9638, Acc: 0.7697/0.7428, Time: 31.94s
2026-04-01 06:13:51,159 - ndswin.training - INFO - Step 1000: accuracy: 0.7407 | loss: 1.4621 | top5_accuracy: 0.9404
2026-04-01 06:14:01,764 - ndswin.training - INFO - Step 1050: accuracy: 0.7433 | loss: 1.4536 | top5_accuracy: 0.9464
2026-04-01 06:14:12,360 - ndswin.training - INFO - Step 1100: accuracy: 0.7388 | loss: 1.4585 | top5_accuracy: 0.9449
2026-04-01 06:14:17,152 - ndswin.training - INFO - Epoch 8/200 - Loss: 1.4488/0.9547, Acc: 0.7421/0.7446, Time: 31.86s
2026-04-01 06:14:25,270 - ndswin.training - INFO - Step 1150: accuracy: 0.6994 | loss: 1.5772 | top5_accuracy: 0.9260
2026-04-01 06:14:35,913 - ndswin.training - INFO - Step 1200: accuracy: 0.6527 | loss: 1.7367 | top5_accuracy: 0.8929
2026-04-01 06:14:46,465 - ndswin.training - INFO - Step 1250: accuracy: 0.5642 | loss: 2.0716 | top5_accuracy: 0.8110
2026-04-01 06:14:49,013 - ndswin.training - INFO - Epoch 9/200 - Loss: 2.0736/2.3251, Acc: 0.5636/0.3702, Time: 31.86s
2026-04-01 06:14:59,432 - ndswin.training - INFO - Step 1300: accuracy: 0.6751 | loss: 1.6504 | top5_accuracy: 0.9142
2026-04-01 06:15:10,017 - ndswin.training - INFO - Step 1350: accuracy: 0.7150 | loss: 1.5363 | top5_accuracy: 0.9332
2026-04-01 06:15:20,799 - ndswin.training - INFO - Epoch 10/200 - Loss: 1.9032/1.7974, Acc: 0.6080/0.5246, Time: 31.78s
2026-04-01 06:15:23,073 - ndswin.training - INFO - Step 1400: accuracy: 0.5453 | loss: 2.0119 | top5_accuracy: 0.8594
2026-04-01 06:15:33,567 - ndswin.training - INFO - Step 1450: accuracy: 0.7279 | loss: 1.4922 | top5_accuracy: 0.9370
2026-04-01 06:15:44,121 - ndswin.training - INFO - Step 1500: accuracy: 0.6628 | loss: 1.7593 | top5_accuracy: 0.8652
2026-04-01 06:15:52,453 - ndswin.training - INFO - Epoch 11/200 - Loss: 2.1539/3.5842, Acc: 0.5415/0.0528, Time: 31.65s
2026-04-01 06:15:57,018 - ndswin.training - INFO - Step 1550: accuracy: 0.0751 | loss: 3.5738 | top5_accuracy: 0.3326
2026-04-01 06:16:07,561 - ndswin.training - INFO - Step 1600: accuracy: 0.1052 | loss: 3.4824 | top5_accuracy: 0.3649
2026-04-01 06:16:18,107 - ndswin.training - INFO - Step 1650: accuracy: 0.2376 | loss: 3.0590 | top5_accuracy: 0.5142
2026-04-01 06:16:24,167 - ndswin.training - INFO - Epoch 12/200 - Loss: 2.9512/1.6361, Acc: 0.2710/0.5634, Time: 31.71s
2026-04-01 06:16:31,009 - ndswin.training - INFO - Step 1700: accuracy: 0.6152 | loss: 1.8568 | top5_accuracy: 0.8750
2026-04-01 06:16:41,651 - ndswin.training - INFO - Step 1750: accuracy: 0.6665 | loss: 1.6962 | top5_accuracy: 0.9043
2026-04-01 06:16:52,464 - ndswin.training - INFO - Step 1800: accuracy: 0.6764 | loss: 1.6602 | top5_accuracy: 0.9106
2026-04-01 06:16:56,280 - ndswin.training - INFO - Epoch 13/200 - Loss: 1.6549/1.0358, Acc: 0.6785/0.7190, Time: 32.11s
2026-04-01 06:17:05,679 - ndswin.training - INFO - Step 1850: accuracy: 0.7340 | loss: 1.4869 | top5_accuracy: 0.9379
2026-04-01 06:17:16,128 - ndswin.training - INFO - Step 1900: accuracy: 0.7483 | loss: 1.4387 | top5_accuracy: 0.9484
2026-04-01 06:17:27,915 - ndswin.training - INFO - Epoch 14/200 - Loss: 1.4265/0.9369, Acc: 0.7505/0.7303, Time: 31.63s
2026-04-01 06:17:28,924 - ndswin.training - INFO - Step 1950: accuracy: 0.7422 | loss: 1.4826 | top5_accuracy: 0.9336
2026-04-01 06:17:39,413 - ndswin.training - INFO - Step 2000: accuracy: 0.6745 | loss: 1.6697 | top5_accuracy: 0.8973
2026-04-01 06:17:50,001 - ndswin.training - INFO - Step 2050: accuracy: 0.6327 | loss: 1.8093 | top5_accuracy: 0.8622
2026-04-01 06:17:59,546 - ndswin.training - INFO - Epoch 15/200 - Loss: 1.7169/0.9835, Acc: 0.6603/0.7350, Time: 31.63s
2026-04-01 06:18:02,845 - ndswin.training - INFO - Step 2100: accuracy: 0.7115 | loss: 1.5213 | top5_accuracy: 0.9281
2026-04-01 06:18:13,436 - ndswin.training - INFO - Step 2150: accuracy: 0.5901 | loss: 1.9035 | top5_accuracy: 0.8603
2026-04-01 06:18:24,028 - ndswin.training - INFO - Step 2200: accuracy: 0.6418 | loss: 1.7498 | top5_accuracy: 0.8891
2026-04-01 06:18:31,280 - ndswin.training - INFO - Epoch 16/200 - Loss: 1.7171/1.0468, Acc: 0.6502/0.7183, Time: 31.73s
2026-04-01 06:18:36,843 - ndswin.training - INFO - Step 2250: accuracy: 0.7127 | loss: 1.5025 | top5_accuracy: 0.9417
2026-04-01 06:18:47,255 - ndswin.training - INFO - Step 2300: accuracy: 0.7280 | loss: 1.4739 | top5_accuracy: 0.9431
2026-04-01 06:18:57,730 - ndswin.training - INFO - Step 2350: accuracy: 0.7386 | loss: 1.4540 | top5_accuracy: 0.9464
2026-04-01 06:19:02,671 - ndswin.training - INFO - Epoch 17/200 - Loss: 1.4602/0.9964, Acc: 0.7378/0.7312, Time: 31.39s
2026-04-01 06:19:10,486 - ndswin.training - INFO - Step 2400: accuracy: 0.7230 | loss: 1.4963 | top5_accuracy: 0.9316
2026-04-01 06:19:20,890 - ndswin.training - INFO - Step 2450: accuracy: 0.7112 | loss: 1.5406 | top5_accuracy: 0.9301
2026-04-01 06:19:31,322 - ndswin.training - INFO - Step 2500: accuracy: 0.7078 | loss: 1.5531 | top5_accuracy: 0.9285
2026-04-01 06:19:34,030 - ndswin.training - INFO - Epoch 18/200 - Loss: 1.5510/1.0818, Acc: 0.7087/0.6961, Time: 31.36s
2026-04-01 06:19:44,133 - ndswin.training - INFO - Step 2550: accuracy: 0.6859 | loss: 1.5994 | top5_accuracy: 0.9193
2026-04-01 06:19:54,467 - ndswin.training - INFO - Step 2600: accuracy: 0.6961 | loss: 1.5840 | top5_accuracy: 0.9219
2026-04-01 06:20:05,259 - ndswin.training - INFO - Epoch 19/200 - Loss: 1.5727/1.2613, Acc: 0.6998/0.6440, Time: 31.23s
2026-04-01 06:20:07,274 - ndswin.training - INFO - Step 2650: accuracy: 0.6406 | loss: 1.6720 | top5_accuracy: 0.9149
2026-04-01 06:20:17,963 - ndswin.training - INFO - Step 2700: accuracy: 0.7158 | loss: 1.5238 | top5_accuracy: 0.9351
2026-04-01 06:20:28,267 - ndswin.training - INFO - Step 2750: accuracy: 0.7251 | loss: 1.5043 | top5_accuracy: 0.9342
2026-04-01 06:20:36,714 - ndswin.training - INFO - Epoch 20/200 - Loss: 1.5026/0.9109, Acc: 0.7264/0.7405, Time: 31.45s
2026-04-01 06:20:40,939 - ndswin.training - INFO - Step 2800: accuracy: 0.7148 | loss: 1.5035 | top5_accuracy: 0.9438
2026-04-01 06:20:51,179 - ndswin.training - INFO - Step 2850: accuracy: 0.7092 | loss: 1.5414 | top5_accuracy: 0.9312
2026-04-01 06:21:01,681 - ndswin.training - INFO - Step 2900: accuracy: 0.7199 | loss: 1.5046 | top5_accuracy: 0.9376
2026-04-01 06:21:07,862 - ndswin.training - INFO - Epoch 21/200 - Loss: 1.4880/0.8975, Acc: 0.7262/0.7563, Time: 31.15s
2026-04-01 06:21:14,416 - ndswin.training - INFO - Step 2950: accuracy: 0.7636 | loss: 1.3690 | top5_accuracy: 0.9612
2026-04-01 06:21:24,973 - ndswin.training - INFO - Step 3000: accuracy: 0.7757 | loss: 1.3409 | top5_accuracy: 0.9635
2026-04-01 06:21:35,553 - ndswin.training - INFO - Step 3050: accuracy: 0.7688 | loss: 1.3647 | top5_accuracy: 0.9597
2026-04-01 06:21:39,506 - ndswin.training - INFO - Epoch 22/200 - Loss: 1.3703/1.0391, Acc: 0.7660/0.6956, Time: 31.64s
2026-04-01 06:21:48,433 - ndswin.training - INFO - Step 3100: accuracy: 0.7336 | loss: 1.4162 | top5_accuracy: 0.9539
2026-04-01 06:21:59,021 - ndswin.training - INFO - Step 3150: accuracy: 0.7269 | loss: 1.4609 | top5_accuracy: 0.9450
2026-04-01 06:22:11,073 - ndswin.training - INFO - Epoch 23/200 - Loss: 1.4847/1.0877, Acc: 0.7244/0.7081, Time: 31.57s
2026-04-01 06:22:11,855 - ndswin.training - INFO - Step 3200: accuracy: 0.6979 | loss: 1.5762 | top5_accuracy: 0.9271
2026-04-01 06:22:22,435 - ndswin.training - INFO - Step 3250: accuracy: 0.7264 | loss: 1.4798 | top5_accuracy: 0.9381
2026-04-01 06:22:32,989 - ndswin.training - INFO - Step 3300: accuracy: 0.7376 | loss: 1.4623 | top5_accuracy: 0.9413
2026-04-01 06:22:42,728 - ndswin.training - INFO - Epoch 24/200 - Loss: 1.4714/1.0348, Acc: 0.7376/0.7230, Time: 31.65s
2026-04-01 06:22:45,808 - ndswin.training - INFO - Step 3350: accuracy: 0.7132 | loss: 1.5123 | top5_accuracy: 0.9342
2026-04-01 06:22:56,277 - ndswin.training - INFO - Step 3400: accuracy: 0.7107 | loss: 1.5195 | top5_accuracy: 0.9382
2026-04-01 06:23:06,791 - ndswin.training - INFO - Step 3450: accuracy: 0.7175 | loss: 1.5162 | top5_accuracy: 0.9370
2026-04-01 06:23:14,270 - ndswin.training - INFO - Epoch 25/200 - Loss: 1.5007/0.9344, Acc: 0.7250/0.7365, Time: 31.54s
2026-04-01 06:23:19,587 - ndswin.training - INFO - Step 3500: accuracy: 0.7319 | loss: 1.4722 | top5_accuracy: 0.9419
2026-04-01 06:23:30,165 - ndswin.training - INFO - Step 3550: accuracy: 0.7267 | loss: 1.4892 | top5_accuracy: 0.9442
2026-04-01 06:23:40,879 - ndswin.training - INFO - Step 3600: accuracy: 0.7314 | loss: 1.4765 | top5_accuracy: 0.9423
2026-04-01 06:23:45,981 - ndswin.training - INFO - Epoch 26/200 - Loss: 1.4723/0.9723, Acc: 0.7324/0.7346, Time: 31.71s
2026-04-01 06:23:45,982 - ndswin.training - INFO - Early stopping at epoch 26: no improvement for 20 epochs (best=0.7573)
2026-04-01 06:23:45,988 - ndswin.training - INFO - Restored best validation state from epoch 6 (val_accuracy=0.7573)
2026-04-01 06:23:45,988 - ndswin.training - INFO - Training completed in 915.05s
2026-04-01 06:23:48,324 - train - INFO - ======================================================================
2026-04-01 06:23:48,324 - train - INFO - Final Validation Results (best-restored state):
2026-04-01 06:23:48,324 - train - INFO - ======================================================================
2026-04-01 06:23:48,325 - train - INFO -   Loss: 0.9115
2026-04-01 06:23:48,326 - train - INFO -   Accuracy: 0.7573
2026-04-01 06:23:48,326 - train - INFO -   Top-5 Accuracy: 0.9423
2026-04-01 06:23:48,330 - train - INFO - Training completed in 918.08s
2026-04-01 06:23:48,330 - train - INFO - Metrics saved to: outputs/volume_folder/modelnet40_f67c9398_20260401_060749/checkpoints/metrics.json
2026-04-01 06:23:48,331 - train - INFO - Done!
